<?xml version="1.0" encoding="UTF-8"?>
<coverage generated="1775157347658" clover="3.2.0">
  <project timestamp="1775157347658" name="All files">
    <metrics statements="17" coveredstatements="17" conditionals="0" coveredconditionals="0" methods="5" coveredmethods="5" elements="22" coveredelements="22" complexity="0" loc="17" ncloc="17" packages="1" files="2" classes="2"/>
    <file name="jwt.js" path="C:\Users\USUARIO\OneDrive - INSTITUCION UNIVERSITARIA SALAZAR Y HERRERA\Escritorio\HoldMyIDBack\backend\src\utils\jwt.js">
      <metrics statements="10" coveredstatements="10" conditionals="0" coveredconditionals="0" methods="3" coveredmethods="3"/>
      <line num="1" count="1" type="stmt"/>
      <line num="4" count="1" type="stmt"/>
      <line num="5" count="5" type="stmt"/>
      <line num="18" count="1" type="stmt"/>
      <line num="19" count="3" type="stmt"/>
      <line num="20" count="3" type="stmt"/>
      <line num="22" count="2" type="stmt"/>
      <line num="27" count="1" type="stmt"/>
      <line num="28" count="3" type="stmt"/>
      <line num="31" count="1" type="stmt"/>
    </file>
    <file name="password.js" path="C:\Users\USUARIO\OneDrive - INSTITUCION UNIVERSITARIA SALAZAR Y HERRERA\Escritorio\HoldMyIDBack\backend\src\utils\password.js">
      <metrics statements="7" coveredstatements="7" conditionals="0" coveredconditionals="0" methods="2" coveredmethods="2"/>
      <line num="1" count="1" type="stmt"/>
      <line num="4" count="1" type="stmt"/>
      <line num="5" count="6" type="stmt"/>
      <line num="6" count="6" type="stmt"/>
      <line num="10" count="1" type="stmt"/>
      <line num="11" count="3" type="stmt"/>
      <line num="14" count="1" type="stmt"/>
    </file>
  </project>
</coverage>
